C:\GIT\AMANDA\SRC\CORE\DEBUG\AMCHECK.OBJ
C:\GIT\AMANDA\SRC\CORE\DEBUG\AMCON.OBJ
C:\GIT\AMANDA\SRC\CORE\DEBUG\AMERROR.OBJ
C:\GIT\AMANDA\SRC\CORE\DEBUG\AMEVAL.OBJ
C:\GIT\AMANDA\SRC\CORE\DEBUG\AMIO.OBJ
C:\GIT\AMANDA\SRC\CORE\DEBUG\AMLEX.OBJ
C:\GIT\AMANDA\SRC\CORE\DEBUG\AMLIB.OBJ
C:\GIT\AMANDA\SRC\CORE\DEBUG\AMMEM.OBJ
C:\GIT\AMANDA\SRC\CORE\DEBUG\AMMODIFY.OBJ
C:\GIT\AMANDA\SRC\CORE\DEBUG\AMPARSE.OBJ
C:\GIT\AMANDA\SRC\CORE\DEBUG\AMPATTER.OBJ
C:\GIT\AMANDA\SRC\CORE\DEBUG\AMPRINT.OBJ
C:\GIT\AMANDA\SRC\CORE\DEBUG\AMSTACK.OBJ
C:\GIT\AMANDA\SRC\CORE\DEBUG\AMSYSLIB.OBJ
C:\GIT\AMANDA\SRC\CORE\DEBUG\AMTABLE.OBJ
C:\GIT\AMANDA\SRC\CORE\DEBUG\VC110.PDB
C:\GIT\AMANDA\DEBUG\AMANDA.ILK
C:\GIT\AMANDA\DEBUG\AMANDA.DLL
C:\GIT\AMANDA\DEBUG\AMANDA.PDB
C:\GIT\AMANDA\SRC\INTERFACE\INTERFACE\BIN\DEBUG\AMANDA.ILK
C:\GIT\AMANDA\SRC\INTERFACE\INTERFACE\BIN\DEBUG\AMANDA.DLL
C:\GIT\AMANDA\SRC\INTERFACE\INTERFACE\BIN\DEBUG\AMANDA.PDB
C:\git\amanda\src\core\Debug\amcheck.obj
C:\git\amanda\src\core\Debug\amcon.obj
C:\git\amanda\src\core\Debug\amerror.obj
C:\git\amanda\src\core\Debug\ameval.obj
C:\git\amanda\src\core\Debug\amio.obj
C:\git\amanda\src\core\Debug\amlex.obj
C:\git\amanda\src\core\Debug\amlib.obj
C:\git\amanda\src\core\Debug\ammem.obj
C:\git\amanda\src\core\Debug\ammodify.obj
C:\git\amanda\src\core\Debug\amparse.obj
C:\git\amanda\src\core\Debug\ampatter.obj
C:\git\amanda\src\core\Debug\amprint.obj
C:\git\amanda\src\core\Debug\amstack.obj
C:\git\amanda\src\core\Debug\amsyslib.obj
C:\git\amanda\src\core\Debug\amtable.obj
C:\git\amanda\src\core\Debug\amanda.ilk
C:\git\amanda\src\core\Debug\cl.command.1.tlog
C:\git\amanda\src\core\Debug\CL.read.1.tlog
C:\git\amanda\src\core\Debug\CL.write.1.tlog
C:\git\amanda\src\core\Debug\link-cvtres.read.1.tlog
C:\git\amanda\src\core\Debug\link-cvtres.write.1.tlog
C:\git\amanda\src\core\Debug\link-rc.read.1.tlog
C:\git\amanda\src\core\Debug\link-rc.write.1.tlog
C:\git\amanda\src\core\Debug\link.command.1.tlog
C:\git\amanda\src\core\Debug\link.read.1.tlog
C:\git\amanda\src\core\Debug\link.write.1.tlog
C:\git\amanda\src\core\Debug\vc110.idb
C:\git\amanda\src\core\Debug\amanda.pdb
C:\git\amanda\src\core\Debug\vc110.pdb
C:\git\amanda\src\core\..\interface\interface\bin\Debug\amanda.pdb
C:\git\amanda\src\core\..\interface\interface\bin\Debug\amanda.dll
C:\git\amanda\src\core\..\interface\interface\bin\Debug\amanda.ilk
